<?xml version="1.0" encoding="UTF-8"?>
<!-- Generated by org.testng.reporters.JUnitReportReporter -->
<testsuite hostname="Administrator" failures="0" tests="1" name="com.actitime.TestNG.DemoTestClass" time="0.010" errors="0" timestamp="2023-12-09T22:45:04 IST" skipped="0">
  <testcase classname="com.actitime.TestNG.DemoTestClass" name="demoTestMethod" time="0.010">
    <system-out>
      <![CDATA[welcome to testNG]]>
    </system-out>
  </testcase> <!-- demoTestMethod -->
  <system-out>
    <![CDATA[welcome to testNG]]>
  </system-out>
</testsuite> <!-- com.actitime.TestNG.DemoTestClass -->
