<?xml version="1.0" encoding="UTF-8"?>
<!-- Generated by org.testng.reporters.JUnitReportReporter -->
<testsuite hostname="Administrator" failures="0" tests="1" name="com.actitime.TestNG.DemoAssertion" time="6.346" errors="0" timestamp="2023-12-12T13:21:50 IST" skipped="0">
  <testcase classname="com.actitime.TestNG.DemoAssertion" name="verifyTitle" time="6.346">
    <system-out>
      <![CDATA[title is not matching and fail]]>
    </system-out>
  </testcase> <!-- verifyTitle -->
  <system-out>
    <![CDATA[title is not matching and fail]]>
  </system-out>
</testsuite> <!-- com.actitime.TestNG.DemoAssertion -->
