<?xml version="1.0" encoding="UTF-8"?>
<!-- Generated by org.testng.reporters.JUnitReportReporter -->
<testsuite hostname="Administrator" failures="0" tests="3" name="com.actitime.TestNG.CustomerModule1" time="0.011" errors="0" timestamp="2023-12-14T12:16:42 IST" skipped="0">
  <testcase classname="com.actitime.TestNG.CustomerModule1" name="creatCustomer" time="0.008">
    <system-out>
      <![CDATA[createcustomer]]>
    </system-out>
  </testcase> <!-- creatCustomer -->
  <testcase classname="com.actitime.TestNG.CustomerModule1" name="modifyCustomer" time="0.002">
    <system-out>
      <![CDATA[modifycustomer]]>
    </system-out>
  </testcase> <!-- modifyCustomer -->
  <testcase classname="com.actitime.TestNG.CustomerModule1" name="deleteCustomer" time="0.001">
    <system-out>
      <![CDATA[deletecustomer]]>
    </system-out>
  </testcase> <!-- deleteCustomer -->
  <system-out>
    <![CDATA[createcustomer
deletecustomer
modifycustomer]]>
  </system-out>
</testsuite> <!-- com.actitime.TestNG.CustomerModule1 -->
