<?xml version="1.0" encoding="UTF-8"?>
<!-- Generated by org.testng.reporters.JUnitReportReporter -->
<testsuite hostname="Administrator" failures="0" tests="3" name="com.actitime.TestNG.ProjectModule" time="0.003" errors="0" timestamp="2023-12-13T12:22:50 IST" skipped="0">
  <testcase classname="com.actitime.TestNG.ProjectModule" name="modifyCustomer" time="0.001">
    <system-out>
      <![CDATA[modifycustomer]]>
    </system-out>
  </testcase> <!-- modifyCustomer -->
  <testcase classname="com.actitime.TestNG.ProjectModule" name="deleteCustomer" time="0.001">
    <system-out>
      <![CDATA[deletecustomer]]>
    </system-out>
  </testcase> <!-- deleteCustomer -->
  <testcase classname="com.actitime.TestNG.ProjectModule" name="creatCustomer" time="0.001">
    <system-out>
      <![CDATA[createcustomer]]>
    </system-out>
  </testcase> <!-- creatCustomer -->
  <system-out>
    <![CDATA[createcustomer
deletecustomer
modifycustomer
createcustomer
deletecustomer
modifycustomer
createcustomer
deletecustomer
modifycustomer]]>
  </system-out>
</testsuite> <!-- com.actitime.TestNG.ProjectModule -->
