<?xml version="1.0" encoding="UTF-8"?>
<!-- Generated by org.testng.reporters.JUnitReportReporter -->
<testsuite hostname="Administrator" failures="0" tests="1" name="com.actitime.TestNG.DemoScreenShot" time="4.974" errors="0" timestamp="2023-12-16T13:28:23 IST" skipped="0">
  <testcase classname="com.actitime.TestNG.DemoScreenShot" name="testScreenShot" time="4.974"/>
</testsuite> <!-- com.actitime.TestNG.DemoScreenShot -->
