<?xml version="1.0" encoding="UTF-8"?>
<!-- Generated by org.testng.reporters.JUnitReportReporter -->
<testsuite hostname="Administrator" failures="0" tests="1" name="com.actitime.TestNG.ActiTime" time="1.646" errors="0" timestamp="2023-12-13T18:53:59 IST" skipped="0">
  <testcase classname="com.actitime.TestNG.ActiTime" name="creatCustomer" time="1.646">
    <system-out>
      <![CDATA[cc]]>
    </system-out>
  </testcase> <!-- creatCustomer -->
  <system-out>
    <![CDATA[openbrowser
login
cc
logout
closebrowser]]>
  </system-out>
</testsuite> <!-- com.actitime.TestNG.ActiTime -->
