<?xml version="1.0" encoding="UTF-8"?>
<!-- Generated by org.testng.reporters.JUnitReportReporter -->
<testsuite hostname="Administrator" failures="0" tests="2" name="com.actitime.TestNG.Priorityinvocationdepends" time="0.008" errors="0" timestamp="2023-12-12T13:14:45 IST" skipped="0">
  <testcase classname="com.actitime.TestNG.Priorityinvocationdepends" name="modifyCustomer" time="0.006">
    <system-out>
      <![CDATA[modifycustomer]]>
    </system-out>
  </testcase> <!-- modifyCustomer -->
  <testcase classname="com.actitime.TestNG.Priorityinvocationdepends" name="deleteCustomer" time="0.002">
    <system-out>
      <![CDATA[deletecustomer]]>
    </system-out>
  </testcase> <!-- deleteCustomer -->
  <system-out>
    <![CDATA[modifycustomer
deletecustomer]]>
  </system-out>
</testsuite> <!-- com.actitime.TestNG.Priorityinvocationdepends -->
